<?xml version="1.0" encoding="UTF-8"?>
<coverage generated="1565852976786" clover="3.2.0">
  <project timestamp="1565852976786" name="All files">
    <metrics statements="33" coveredstatements="30" conditionals="0" coveredconditionals="0" methods="13" coveredmethods="10" elements="46" coveredelements="40" complexity="0" loc="33" ncloc="33" packages="1" files="5" classes="5"/>
    <file name="App.tsx" path="E:\cv_UserTemp\quick-webpack-bundle-analyzer-test-repo\src\App.tsx">
      <metrics statements="22" coveredstatements="19" conditionals="0" coveredconditionals="0" methods="8" coveredmethods="5"/>
      <line num="1" count="1" type="stmt"/>
      <line num="2" count="1" type="stmt"/>
      <line num="4" count="1" type="stmt"/>
      <line num="5" count="1" type="stmt"/>
      <line num="6" count="1" type="stmt"/>
      <line num="10" count="2" type="stmt"/>
      <line num="12" count="2" type="stmt"/>
      <line num="14" count="0" type="stmt"/>
      <line num="17" count="2" type="stmt"/>
      <line num="18" count="2" type="stmt"/>
      <line num="19" count="0" type="stmt"/>
      <line num="23" count="1" type="stmt"/>
      <line num="26" count="1" type="stmt"/>
      <line num="27" count="2" type="stmt"/>
      <line num="28" count="2" type="stmt"/>
      <line num="30" count="2" type="stmt"/>
      <line num="31" count="2" type="stmt"/>
      <line num="35" count="1" type="stmt"/>
      <line num="36" count="0" type="stmt"/>
      <line num="39" count="1" type="stmt"/>
      <line num="40" count="2" type="stmt"/>
      <line num="52" count="1" type="stmt"/>
    </file>
    <file name="SampleJsxImport.jsx" path="E:\cv_UserTemp\quick-webpack-bundle-analyzer-test-repo\src\SampleJsxImport.jsx">
      <metrics statements="1" coveredstatements="1" conditionals="0" coveredconditionals="0" methods="1" coveredmethods="1"/>
      <line num="5" count="1" type="stmt"/>
    </file>
    <file name="Widget.tsx" path="E:\cv_UserTemp\quick-webpack-bundle-analyzer-test-repo\src\Widget.tsx">
      <metrics statements="5" coveredstatements="5" conditionals="0" coveredconditionals="0" methods="2" coveredmethods="2"/>
      <line num="1" count="1" type="stmt"/>
      <line num="3" count="1" type="stmt"/>
      <line num="4" count="1" type="stmt"/>
      <line num="5" count="1" type="stmt"/>
      <line num="11" count="1" type="stmt"/>
    </file>
    <file name="sample-js-import.js" path="E:\cv_UserTemp\quick-webpack-bundle-analyzer-test-repo\src\sample-js-import.js">
      <metrics statements="2" coveredstatements="2" conditionals="0" coveredconditionals="0" methods="1" coveredmethods="1"/>
      <line num="2" count="3" type="stmt"/>
      <line num="3" count="3" type="stmt"/>
    </file>
    <file name="sample-ts-import.ts" path="E:\cv_UserTemp\quick-webpack-bundle-analyzer-test-repo\src\sample-ts-import.ts">
      <metrics statements="3" coveredstatements="3" conditionals="0" coveredconditionals="0" methods="1" coveredmethods="1"/>
      <line num="1" count="1" type="stmt"/>
      <line num="2" count="3" type="stmt"/>
      <line num="3" count="3" type="stmt"/>
    </file>
  </project>
</coverage>
