<?xml version="1.0" encoding="UTF-8"?>
<coverage generated="1565858789737" clover="3.2.0">
  <project timestamp="1565858789737" name="All files">
    <metrics statements="45" coveredstatements="42" conditionals="8" coveredconditionals="8" methods="13" coveredmethods="10" elements="66" coveredelements="60" complexity="0" loc="45" ncloc="45" packages="2" files="8" classes="8"/>
    <package name="App">
      <metrics statements="32" coveredstatements="29" conditionals="0" coveredconditionals="0" methods="11" coveredmethods="8"/>
      <file name="App.tsx" path="E:\cv_UserTemp\quick-webpack-bundle-analyzer-test-repo\src\App\App.tsx">
        <metrics statements="19" coveredstatements="18" conditionals="0" coveredconditionals="0" methods="5" coveredmethods="4"/>
        <line num="1" count="1" type="stmt"/>
        <line num="2" count="1" type="stmt"/>
        <line num="3" count="1" type="stmt"/>
        <line num="4" count="1" type="stmt"/>
        <line num="6" count="1" type="stmt"/>
        <line num="7" count="1" type="stmt"/>
        <line num="8" count="1" type="stmt"/>
        <line num="9" count="1" type="stmt"/>
        <line num="11" count="1" type="stmt"/>
        <line num="14" count="1" type="stmt"/>
        <line num="15" count="2" type="stmt"/>
        <line num="16" count="2" type="stmt"/>
        <line num="18" count="2" type="stmt"/>
        <line num="19" count="2" type="stmt"/>
        <line num="23" count="1" type="stmt"/>
        <line num="24" count="0" type="stmt"/>
        <line num="27" count="1" type="stmt"/>
        <line num="28" count="2" type="stmt"/>
        <line num="40" count="1" type="stmt"/>
      </file>
      <file name="SampleJsxImport.jsx" path="E:\cv_UserTemp\quick-webpack-bundle-analyzer-test-repo\src\App\SampleJsxImport.jsx">
        <metrics statements="1" coveredstatements="1" conditionals="0" coveredconditionals="0" methods="1" coveredmethods="1"/>
        <line num="5" count="1" type="stmt"/>
      </file>
      <file name="sample-js-import.js" path="E:\cv_UserTemp\quick-webpack-bundle-analyzer-test-repo\src\App\sample-js-import.js">
        <metrics statements="2" coveredstatements="2" conditionals="0" coveredconditionals="0" methods="1" coveredmethods="1"/>
        <line num="2" count="3" type="stmt"/>
        <line num="3" count="3" type="stmt"/>
      </file>
      <file name="sample-ts-import.ts" path="E:\cv_UserTemp\quick-webpack-bundle-analyzer-test-repo\src\App\sample-ts-import.ts">
        <metrics statements="3" coveredstatements="3" conditionals="0" coveredconditionals="0" methods="1" coveredmethods="1"/>
        <line num="1" count="1" type="stmt"/>
        <line num="2" count="3" type="stmt"/>
        <line num="3" count="3" type="stmt"/>
      </file>
      <file name="subscribeToDocumentInactive.ts" path="E:\cv_UserTemp\quick-webpack-bundle-analyzer-test-repo\src\App\subscribeToDocumentInactive.ts">
        <metrics statements="7" coveredstatements="5" conditionals="0" coveredconditionals="0" methods="3" coveredmethods="1"/>
        <line num="1" count="1" type="stmt"/>
        <line num="3" count="2" type="stmt"/>
        <line num="5" count="2" type="stmt"/>
        <line num="7" count="0" type="stmt"/>
        <line num="10" count="2" type="stmt"/>
        <line num="12" count="2" type="stmt"/>
        <line num="13" count="0" type="stmt"/>
      </file>
    </package>
    <package name="App.components">
      <metrics statements="13" coveredstatements="13" conditionals="8" coveredconditionals="8" methods="2" coveredmethods="2"/>
      <file name="DefaultPadding.tsx" path="E:\cv_UserTemp\quick-webpack-bundle-analyzer-test-repo\src\App\components\DefaultPadding.tsx">
        <metrics statements="2" coveredstatements="2" conditionals="2" coveredconditionals="2" methods="0" coveredmethods="0"/>
        <line num="2" count="1" type="stmt"/>
        <line num="4" count="1" type="cond" truecount="2" falsecount="0"/>
      </file>
      <file name="Menu.tsx" path="E:\cv_UserTemp\quick-webpack-bundle-analyzer-test-repo\src\App\components\Menu.tsx">
        <metrics statements="6" coveredstatements="6" conditionals="4" coveredconditionals="4" methods="1" coveredmethods="1"/>
        <line num="1" count="1" type="stmt"/>
        <line num="2" count="1" type="stmt"/>
        <line num="3" count="1" type="stmt"/>
        <line num="5" count="1" type="cond" truecount="2" falsecount="0"/>
        <line num="11" count="1" type="cond" truecount="2" falsecount="0"/>
        <line num="23" count="1" type="stmt"/>
      </file>
      <file name="Widget.tsx" path="E:\cv_UserTemp\quick-webpack-bundle-analyzer-test-repo\src\App\components\Widget.tsx">
        <metrics statements="5" coveredstatements="5" conditionals="2" coveredconditionals="2" methods="1" coveredmethods="1"/>
        <line num="1" count="1" type="stmt"/>
        <line num="2" count="1" type="stmt"/>
        <line num="3" count="1" type="stmt"/>
        <line num="5" count="1" type="cond" truecount="2" falsecount="0"/>
        <line num="10" count="1" type="stmt"/>
      </file>
    </package>
  </project>
</coverage>
