{"E:\\cv_UserTemp\\quick-webpack-bundle-analyzer-test-repo\\src\\App\\App.tsx": {"path":"E:\\cv_UserTemp\\quick-webpack-bundle-analyzer-test-repo\\src\\App\\App.tsx","statementMap":{"0":{"start":{"line":1,"column":0},"end":{"line":1,"column":31}},"1":{"start":{"line":2,"column":0},"end":{"line":2,"column":45}},"2":{"start":{"line":3,"column":0},"end":{"line":3,"column":41}},"3":{"start":{"line":4,"column":0},"end":{"line":4,"column":61}},"4":{"start":{"line":6,"column":0},"end":{"line":6,"column":35}},"5":{"start":{"line":7,"column":0},"end":{"line":7,"column":35}},"6":{"start":{"line":8,"column":0},"end":{"line":8,"column":52}},"7":{"start":{"line":9,"column":0},"end":{"line":9,"column":76}},"8":{"start":{"line":11,"column":0},"end":{"line":11,"column":null}},"9":{"start":{"line":11,"column":25},"end":{"line":11,"column":30}},"10":{"start":{"line":14,"column":2},"end":{"line":21,"column":null}},"11":{"start":{"line":15,"column":4},"end":{"line":15,"column":8}},"12":{"start":{"line":16,"column":4},"end":{"line":16,"column":8}},"13":{"start":{"line":18,"column":4},"end":{"line":20,"column":7}},"14":{"start":{"line":19,"column":6},"end":{"line":19,"column":48}},"15":{"start":{"line":23,"column":2},"end":{"line":25,"column":null}},"16":{"start":{"line":24,"column":4},"end":{"line":24,"column":46}},"17":{"start":{"line":27,"column":2},"end":{"line":39,"column":null}},"18":{"start":{"line":28,"column":4},"end":{"line":38,"column":22}},"19":{"start":{"line":40,"column":0},"end":{"line":40,"column":null}},"20":{"start":{"line":11,"column":13},"end":{"line":11,"column":16}}},"fnMap":{"0":{"name":"(anonymous_6)","decl":{"start":{"line":11,"column":0},"end":{"line":11,"column":13}},"loc":{"start":{"line":11,"column":0},"end":{"line":40,"column":null}}},"1":{"name":"(anonymous_8)","decl":{"start":{"line":14,"column":2},"end":{"line":14,"column":19}},"loc":{"start":{"line":14,"column":2},"end":{"line":21,"column":3}}},"2":{"name":"(anonymous_9)","decl":{"start":{"line":18,"column":74},"end":{"line":18,"column":75}},"loc":{"start":{"line":18,"column":92},"end":{"line":20,"column":5}}},"3":{"name":"(anonymous_10)","decl":{"start":{"line":23,"column":2},"end":{"line":23,"column":22}},"loc":{"start":{"line":23,"column":2},"end":{"line":25,"column":3}}},"4":{"name":"(anonymous_11)","decl":{"start":{"line":27,"column":2},"end":{"line":27,"column":8}},"loc":{"start":{"line":27,"column":2},"end":{"line":39,"column":3}}}},"branchMap":{},"s":{"0":1,"1":1,"2":1,"3":1,"4":1,"5":1,"6":1,"7":1,"8":1,"9":1,"10":1,"11":2,"12":2,"13":2,"14":2,"15":1,"16":0,"17":1,"18":2,"19":1,"20":1},"f":{"0":3,"1":2,"2":2,"3":0,"4":2},"b":{}}
,"E:\\cv_UserTemp\\quick-webpack-bundle-analyzer-test-repo\\src\\App\\SampleJsxImport.jsx": {"path":"E:\\cv_UserTemp\\quick-webpack-bundle-analyzer-test-repo\\src\\App\\SampleJsxImport.jsx","statementMap":{"0":{"start":{"line":5,"column":4},"end":{"line":5,"column":46}}},"fnMap":{"0":{"name":"(anonymous_0)","decl":{"start":{"line":4,"column":2},"end":{"line":4,"column":3}},"loc":{"start":{"line":4,"column":11},"end":{"line":6,"column":3}},"line":4}},"branchMap":{},"s":{"0":1},"f":{"0":1},"b":{},"_coverageSchema":"43e27e138ebf9cfc5966b082cf9a028302ed4184","hash":"e7e5b288373b24e484e64bda966cb67339223a83"}
,"E:\\cv_UserTemp\\quick-webpack-bundle-analyzer-test-repo\\src\\App\\sample-js-import.js": {"path":"E:\\cv_UserTemp\\quick-webpack-bundle-analyzer-test-repo\\src\\App\\sample-js-import.js","statementMap":{"0":{"start":{"line":2,"column":2},"end":{"line":2,"column":40}},"1":{"start":{"line":3,"column":2},"end":{"line":3,"column":11}}},"fnMap":{"0":{"name":"(anonymous_0)","decl":{"start":{"line":1,"column":15},"end":{"line":1,"column":16}},"loc":{"start":{"line":1,"column":21},"end":{"line":4,"column":1}},"line":1}},"branchMap":{},"s":{"0":3,"1":3},"f":{"0":3},"b":{},"_coverageSchema":"43e27e138ebf9cfc5966b082cf9a028302ed4184","hash":"ee38c403bfab9a1d301ddd9abeb929b198ecfa34"}
,"E:\\cv_UserTemp\\quick-webpack-bundle-analyzer-test-repo\\src\\App\\sample-ts-import.ts": {"path":"E:\\cv_UserTemp\\quick-webpack-bundle-analyzer-test-repo\\src\\App\\sample-ts-import.ts","statementMap":{"0":{"start":{"line":1,"column":0},"end":{"line":4,"column":null}},"1":{"start":{"line":2,"column":2},"end":{"line":2,"column":40}},"2":{"start":{"line":3,"column":2},"end":{"line":3,"column":11}}},"fnMap":{"0":{"name":"(anonymous_0)","decl":{"start":{"line":1,"column":15},"end":{"line":1,"column":null}},"loc":{"start":{"line":1,"column":15},"end":{"line":4,"column":1}}}},"branchMap":{},"s":{"0":1,"1":3,"2":3},"f":{"0":3},"b":{}}
,"E:\\cv_UserTemp\\quick-webpack-bundle-analyzer-test-repo\\src\\App\\subscribeToDocumentInactive.ts": {"path":"E:\\cv_UserTemp\\quick-webpack-bundle-analyzer-test-repo\\src\\App\\subscribeToDocumentInactive.ts","statementMap":{"0":{"start":{"line":1,"column":13},"end":{"line":15,"column":2}},"1":{"start":{"line":3,"column":2},"end":{"line":3,"column":29}},"2":{"start":{"line":5,"column":41},"end":{"line":8,"column":3}},"3":{"start":{"line":7,"column":4},"end":{"line":7,"column":57}},"4":{"start":{"line":10,"column":2},"end":{"line":10,"column":80}},"5":{"start":{"line":12,"column":2},"end":{"line":14,"column":4}},"6":{"start":{"line":13,"column":4},"end":{"line":13,"column":85}}},"fnMap":{"0":{"name":"(anonymous_0)","decl":{"start":{"line":1,"column":43},"end":{"line":1,"column":52}},"loc":{"start":{"line":1,"column":112},"end":{"line":15,"column":1}}},"1":{"name":"(anonymous_1)","decl":{"start":{"line":5,"column":41},"end":{"line":5,"column":50}},"loc":{"start":{"line":5,"column":76},"end":{"line":8,"column":3}}},"2":{"name":"unsubscribeFromDocumentHiddenEvent","decl":{"start":{"line":12,"column":18},"end":{"line":12,"column":52}},"loc":{"start":{"line":12,"column":52},"end":{"line":14,"column":3}}}},"branchMap":{},"s":{"0":1,"1":2,"2":2,"3":0,"4":2,"5":2,"6":0},"f":{"0":2,"1":0,"2":0},"b":{}}
,"E:\\cv_UserTemp\\quick-webpack-bundle-analyzer-test-repo\\src\\App\\components\\DefaultPadding.tsx": {"path":"E:\\cv_UserTemp\\quick-webpack-bundle-analyzer-test-repo\\src\\App\\components\\DefaultPadding.tsx","statementMap":{"0":{"start":{"line":2,"column":0},"end":{"line":2,"column":39}},"1":{"start":{"line":4,"column":13},"end":{"line":6,"column":2}}},"fnMap":{},"branchMap":{"0":{"loc":{"start":{"line":4,"column":40},"end":{"line":4,"column":null}},"type":"binary-expr","locations":[{"start":{"line":4,"column":40},"end":{"line":4,"column":null}},{"start":{"line":4,"column":40},"end":{"line":6,"column":2}}]}},"s":{"0":1,"1":1},"f":{},"b":{"0":[1,1]}}
,"E:\\cv_UserTemp\\quick-webpack-bundle-analyzer-test-repo\\src\\App\\components\\Menu.tsx": {"path":"E:\\cv_UserTemp\\quick-webpack-bundle-analyzer-test-repo\\src\\App\\components\\Menu.tsx","statementMap":{"0":{"start":{"line":1,"column":0},"end":{"line":1,"column":31}},"1":{"start":{"line":2,"column":0},"end":{"line":2,"column":39}},"2":{"start":{"line":3,"column":0},"end":{"line":3,"column":50}},"3":{"start":{"line":5,"column":17},"end":{"line":9,"column":2}},"4":{"start":{"line":11,"column":13},"end":{"line":21,"column":20}},"5":{"start":{"line":23,"column":13},"end":{"line":27,"column":12}},"6":{"start":{"line":23,"column":26},"end":{"line":27,"column":12}}},"fnMap":{"0":{"name":"(anonymous_1)","decl":{"start":{"line":23,"column":20},"end":{"line":23,"column":26}},"loc":{"start":{"line":23,"column":20},"end":{"line":23,"column":27}}}},"branchMap":{"0":{"loc":{"start":{"line":5,"column":28},"end":{"line":5,"column":null}},"type":"binary-expr","locations":[{"start":{"line":5,"column":28},"end":{"line":5,"column":null}},{"start":{"line":5,"column":28},"end":{"line":9,"column":2}}]},"1":{"loc":{"start":{"line":11,"column":61},"end":{"line":11,"column":null}},"type":"binary-expr","locations":[{"start":{"line":11,"column":61},"end":{"line":11,"column":null}},{"start":{"line":11,"column":61},"end":{"line":21,"column":2}}]}},"s":{"0":1,"1":1,"2":1,"3":1,"4":1,"5":1,"6":1},"f":{"0":1},"b":{"0":[1,1],"1":[1,1]}}
,"E:\\cv_UserTemp\\quick-webpack-bundle-analyzer-test-repo\\src\\App\\components\\Widget.tsx": {"path":"E:\\cv_UserTemp\\quick-webpack-bundle-analyzer-test-repo\\src\\App\\components\\Widget.tsx","statementMap":{"0":{"start":{"line":1,"column":0},"end":{"line":1,"column":31}},"1":{"start":{"line":2,"column":0},"end":{"line":2,"column":39}},"2":{"start":{"line":3,"column":0},"end":{"line":3,"column":50}},"3":{"start":{"line":5,"column":14},"end":{"line":8,"column":2}},"4":{"start":{"line":10,"column":13},"end":{"line":10,"column":50}},"5":{"start":{"line":10,"column":28},"end":{"line":10,"column":50}}},"fnMap":{"0":{"name":"(anonymous_1)","decl":{"start":{"line":10,"column":22},"end":{"line":10,"column":28}},"loc":{"start":{"line":10,"column":22},"end":{"line":10,"column":29}}}},"branchMap":{"0":{"loc":{"start":{"line":5,"column":36},"end":{"line":5,"column":null}},"type":"binary-expr","locations":[{"start":{"line":5,"column":36},"end":{"line":5,"column":null}},{"start":{"line":5,"column":36},"end":{"line":8,"column":2}}]}},"s":{"0":1,"1":1,"2":1,"3":1,"4":1,"5":1},"f":{"0":1},"b":{"0":[1,1]}}
}
