{"E:\\cv_UserTemp\\quick-webpack-bundle-analyzer-test-repo\\src\\App.tsx": {"path":"E:\\cv_UserTemp\\quick-webpack-bundle-analyzer-test-repo\\src\\App.tsx","statementMap":{"0":{"start":{"line":1,"column":0},"end":{"line":1,"column":31}},"1":{"start":{"line":2,"column":0},"end":{"line":2,"column":34}},"2":{"start":{"line":4,"column":0},"end":{"line":4,"column":35}},"3":{"start":{"line":5,"column":0},"end":{"line":5,"column":35}},"4":{"start":{"line":6,"column":0},"end":{"line":6,"column":52}},"5":{"start":{"line":10,"column":2},"end":{"line":10,"column":29}},"6":{"start":{"line":12,"column":41},"end":{"line":15,"column":3}},"7":{"start":{"line":14,"column":4},"end":{"line":14,"column":57}},"8":{"start":{"line":17,"column":2},"end":{"line":17,"column":80}},"9":{"start":{"line":18,"column":2},"end":{"line":20,"column":4}},"10":{"start":{"line":19,"column":4},"end":{"line":19,"column":85}},"11":{"start":{"line":23,"column":0},"end":{"line":23,"column":null}},"12":{"start":{"line":23,"column":25},"end":{"line":23,"column":30}},"13":{"start":{"line":26,"column":2},"end":{"line":33,"column":null}},"14":{"start":{"line":27,"column":4},"end":{"line":27,"column":8}},"15":{"start":{"line":28,"column":4},"end":{"line":28,"column":8}},"16":{"start":{"line":30,"column":4},"end":{"line":32,"column":7}},"17":{"start":{"line":31,"column":6},"end":{"line":31,"column":48}},"18":{"start":{"line":35,"column":2},"end":{"line":37,"column":null}},"19":{"start":{"line":36,"column":4},"end":{"line":36,"column":46}},"20":{"start":{"line":39,"column":2},"end":{"line":51,"column":null}},"21":{"start":{"line":40,"column":4},"end":{"line":50,"column":11}},"22":{"start":{"line":52,"column":0},"end":{"line":52,"column":null}},"23":{"start":{"line":23,"column":13},"end":{"line":23,"column":16}}},"fnMap":{"0":{"name":"subscribeToDocumentInactive","decl":{"start":{"line":8,"column":9},"end":{"line":8,"column":36}},"loc":{"start":{"line":8,"column":97},"end":{"line":21,"column":1}}},"1":{"name":"(anonymous_7)","decl":{"start":{"line":12,"column":41},"end":{"line":12,"column":50}},"loc":{"start":{"line":12,"column":76},"end":{"line":15,"column":3}}},"2":{"name":"unsubscribeFromDocumentHiddenEvent","decl":{"start":{"line":18,"column":18},"end":{"line":18,"column":52}},"loc":{"start":{"line":18,"column":52},"end":{"line":20,"column":3}}},"3":{"name":"(anonymous_9)","decl":{"start":{"line":23,"column":0},"end":{"line":23,"column":13}},"loc":{"start":{"line":23,"column":0},"end":{"line":52,"column":null}}},"4":{"name":"(anonymous_11)","decl":{"start":{"line":26,"column":2},"end":{"line":26,"column":19}},"loc":{"start":{"line":26,"column":2},"end":{"line":33,"column":3}}},"5":{"name":"(anonymous_12)","decl":{"start":{"line":30,"column":74},"end":{"line":30,"column":75}},"loc":{"start":{"line":30,"column":92},"end":{"line":32,"column":5}}},"6":{"name":"(anonymous_13)","decl":{"start":{"line":35,"column":2},"end":{"line":35,"column":22}},"loc":{"start":{"line":35,"column":2},"end":{"line":37,"column":3}}},"7":{"name":"(anonymous_14)","decl":{"start":{"line":39,"column":2},"end":{"line":39,"column":8}},"loc":{"start":{"line":39,"column":2},"end":{"line":51,"column":3}}}},"branchMap":{},"s":{"0":1,"1":1,"2":1,"3":1,"4":1,"5":2,"6":2,"7":0,"8":2,"9":2,"10":0,"11":1,"12":1,"13":1,"14":2,"15":2,"16":2,"17":2,"18":1,"19":0,"20":1,"21":2,"22":1,"23":1},"f":{"0":2,"1":0,"2":0,"3":3,"4":2,"5":2,"6":0,"7":2},"b":{}}
,"E:\\cv_UserTemp\\quick-webpack-bundle-analyzer-test-repo\\src\\SampleJsxImport.jsx": {"path":"E:\\cv_UserTemp\\quick-webpack-bundle-analyzer-test-repo\\src\\SampleJsxImport.jsx","statementMap":{"0":{"start":{"line":5,"column":4},"end":{"line":5,"column":46}}},"fnMap":{"0":{"name":"(anonymous_0)","decl":{"start":{"line":4,"column":2},"end":{"line":4,"column":3}},"loc":{"start":{"line":4,"column":11},"end":{"line":6,"column":3}},"line":4}},"branchMap":{},"s":{"0":1},"f":{"0":1},"b":{},"_coverageSchema":"43e27e138ebf9cfc5966b082cf9a028302ed4184","hash":"67ac6607f33500bb0f76d906f927fb6c66757602"}
,"E:\\cv_UserTemp\\quick-webpack-bundle-analyzer-test-repo\\src\\Widget.tsx": {"path":"E:\\cv_UserTemp\\quick-webpack-bundle-analyzer-test-repo\\src\\Widget.tsx","statementMap":{"0":{"start":{"line":1,"column":0},"end":{"line":1,"column":31}},"1":{"start":{"line":3,"column":0},"end":{"line":3,"column":null}},"2":{"start":{"line":3,"column":28},"end":{"line":3,"column":33}},"3":{"start":{"line":4,"column":4},"end":{"line":10,"column":null}},"4":{"start":{"line":5,"column":8},"end":{"line":9,"column":null}},"5":{"start":{"line":11,"column":0},"end":{"line":11,"column":null}},"6":{"start":{"line":3,"column":13},"end":{"line":3,"column":19}}},"fnMap":{"0":{"name":"(anonymous_6)","decl":{"start":{"line":3,"column":0},"end":{"line":3,"column":13}},"loc":{"start":{"line":3,"column":0},"end":{"line":11,"column":null}}},"1":{"name":"(anonymous_8)","decl":{"start":{"line":4,"column":4},"end":{"line":4,"column":10}},"loc":{"start":{"line":4,"column":4},"end":{"line":10,"column":5}}}},"branchMap":{},"s":{"0":1,"1":1,"2":1,"3":1,"4":1,"5":1,"6":1},"f":{"0":2,"1":1},"b":{}}
,"E:\\cv_UserTemp\\quick-webpack-bundle-analyzer-test-repo\\src\\sample-js-import.js": {"path":"E:\\cv_UserTemp\\quick-webpack-bundle-analyzer-test-repo\\src\\sample-js-import.js","statementMap":{"0":{"start":{"line":2,"column":2},"end":{"line":2,"column":40}},"1":{"start":{"line":3,"column":2},"end":{"line":3,"column":11}}},"fnMap":{"0":{"name":"(anonymous_0)","decl":{"start":{"line":1,"column":15},"end":{"line":1,"column":16}},"loc":{"start":{"line":1,"column":21},"end":{"line":4,"column":1}},"line":1}},"branchMap":{},"s":{"0":3,"1":3},"f":{"0":3},"b":{},"_coverageSchema":"43e27e138ebf9cfc5966b082cf9a028302ed4184","hash":"f98cf58a3c2a00d4ecbbd40b14b482f760e6b5cb"}
,"E:\\cv_UserTemp\\quick-webpack-bundle-analyzer-test-repo\\src\\sample-ts-import.ts": {"path":"E:\\cv_UserTemp\\quick-webpack-bundle-analyzer-test-repo\\src\\sample-ts-import.ts","statementMap":{"0":{"start":{"line":1,"column":0},"end":{"line":4,"column":null}},"1":{"start":{"line":2,"column":2},"end":{"line":2,"column":40}},"2":{"start":{"line":3,"column":2},"end":{"line":3,"column":11}}},"fnMap":{"0":{"name":"(anonymous_0)","decl":{"start":{"line":1,"column":15},"end":{"line":1,"column":null}},"loc":{"start":{"line":1,"column":15},"end":{"line":4,"column":1}}}},"branchMap":{},"s":{"0":1,"1":3,"2":3},"f":{"0":3},"b":{}}
}
