TN:
SF:E:\cv_UserTemp\quick-webpack-bundle-analyzer-test-repo\src\App.tsx
FN:8,subscribeToDocumentInactive
FN:12,(anonymous_7)
FN:18,unsubscribeFromDocumentHiddenEvent
FN:23,(anonymous_9)
FN:26,(anonymous_11)
FN:30,(anonymous_12)
FN:35,(anonymous_13)
FN:39,(anonymous_14)
FNF:8
FNH:5
FNDA:2,subscribeToDocumentInactive
FNDA:0,(anonymous_7)
FNDA:0,unsubscribeFromDocumentHiddenEvent
FNDA:3,(anonymous_9)
FNDA:2,(anonymous_11)
FNDA:2,(anonymous_12)
FNDA:0,(anonymous_13)
FNDA:2,(anonymous_14)
DA:1,1
DA:2,1
DA:4,1
DA:5,1
DA:6,1
DA:10,2
DA:12,2
DA:14,0
DA:17,2
DA:18,2
DA:19,0
DA:23,1
DA:26,1
DA:27,2
DA:28,2
DA:30,2
DA:31,2
DA:35,1
DA:36,0
DA:39,1
DA:40,2
DA:52,1
LF:22
LH:19
BRF:0
BRH:0
end_of_record
TN:
SF:E:\cv_UserTemp\quick-webpack-bundle-analyzer-test-repo\src\SampleJsxImport.jsx
FN:4,(anonymous_0)
FNF:1
FNH:1
FNDA:1,(anonymous_0)
DA:5,1
LF:1
LH:1
BRF:0
BRH:0
end_of_record
TN:
SF:E:\cv_UserTemp\quick-webpack-bundle-analyzer-test-repo\src\Widget.tsx
FN:3,(anonymous_6)
FN:4,(anonymous_8)
FNF:2
FNH:2
FNDA:2,(anonymous_6)
FNDA:1,(anonymous_8)
DA:1,1
DA:3,1
DA:4,1
DA:5,1
DA:11,1
LF:5
LH:5
BRF:0
BRH:0
end_of_record
TN:
SF:E:\cv_UserTemp\quick-webpack-bundle-analyzer-test-repo\src\sample-js-import.js
FN:1,(anonymous_0)
FNF:1
FNH:1
FNDA:3,(anonymous_0)
DA:2,3
DA:3,3
LF:2
LH:2
BRF:0
BRH:0
end_of_record
TN:
SF:E:\cv_UserTemp\quick-webpack-bundle-analyzer-test-repo\src\sample-ts-import.ts
FN:1,(anonymous_0)
FNF:1
FNH:1
FNDA:3,(anonymous_0)
DA:1,1
DA:2,3
DA:3,3
LF:3
LH:3
BRF:0
BRH:0
end_of_record
